Removed Pin From Net: NetName=NetMCU1_1 Pin=P31-1
Removed Pin From Net: NetName=NetMCU1_7 Pin=P31-2
Removed Pin From Net: NetName=NetMCU1_6 Pin=P32-1
Removed Pin From Net: NetName=NetMCU1_5 Pin=P32-2
Removed Member From Class: ClassName=Sheet1 Member=P31
Removed Member From Class: ClassName=Sheet1 Member=P32
Added Component: Designator=Prg(HDR1X6)
Add component. Clean all parameters for all variants
Add component (AddParameter): Name = "LatestRevisionDate"; Value = "17-Jul-2002"; VariantName = "[No Variations]"
Add component (AddParameter): Name = "LatestRevisionNote"; Value = "Re-released for DXP Platform."; VariantName = "[No Variations]"
Add component (AddParameter): Name = "Publisher"; Value = "Altium Limited"; VariantName = "[No Variations]"
Added Pin To Net: NetName=NetMCU1_1 Pin=Prg-1
Added Pin To Net: NetName=VCC Pin=Prg-2
Added Pin To Net: NetName=NetMCU1_7 Pin=Prg-3
Added Pin To Net: NetName=NetMCU1_6 Pin=Prg-4
Added Pin To Net: NetName=NetMCU1_5 Pin=Prg-5
Added Pin To Net: NetName=GND Pin=Prg-6
Added Pin To Net: NetName=NetR2_2 Pin=R2-2
Change Net Name : Old Net Name=NetC5_1 New Net Name=NetB1_2
Change Net Name : Old Net Name=NetMCU1_1 New Net Name=NetB1_1
Change Net Name : Old Net Name=NetMCU1_3 New Net Name=NetB1_3
Change Net Name : Old Net Name=NetMCU1_5 New Net Name=NetB1_5
Change Net Name : Old Net Name=NetMCU1_6 New Net Name=NetB1_6
Change Net Name : Old Net Name=NetMCU1_7 New Net Name=NetB1_7
Added Member To Class: ClassName=Sheet1 Member=Component Prg Header 6
Added Room: Name=Sheet1
