Removed Pin From Net: NetName=VCC Pin=R2-1
Change Component Footprint: Designator=D1 Old Footprint=3.2X1.6X1.1 New Footprint=DO-35
Change Component Comment : Designator=D1 Old Comment=LED2 New Comment=Diode 1N914
Change Component Designator: OldDesignator=9V NewDesignator=9V Pwr
Change Component Designator: OldDesignator=LEDs NewDesignator=to LEDs
Change component parameters: Designator = "D1"; Footprint = "DO-35"; UniqueID = "\QKIMCMCW"
Change component parameters. Clean all parameters for all variants
Change component parameters (AddParameter): Name = "Code_JEDEC"; Value = "DO-204-AH"; VariantName = "[No Variations]"
Change component parameters (AddParameter): Name = "ComponentLink1Description"; Value = "Manufacturer Link"; VariantName = "[No Variations]"
Change component parameters (AddParameter): Name = "ComponentLink1URL"; Value = "http://www.fairchildsemi.com/"; VariantName = "[No Variations]"
Change component parameters (AddParameter): Name = "ComponentLink2Description"; Value = "Datasheet"; VariantName = "[No Variations]"
Change component parameters (AddParameter): Name = "ComponentLink2URL"; Value = "http://www.fairchildsemi.com/ds/1N%2F1N4448.pdf"; VariantName = "[No Variations]"
Change component parameters (AddParameter): Name = "DatasheetVersion"; Value = "1997"; VariantName = "[No Variations]"
Change component parameters (AddParameter): Name = "LatestRevisionDate"; Value = "17-Jul-2002"; VariantName = "[No Variations]"
Change component parameters (AddParameter): Name = "LatestRevisionNote"; Value = "Re-released for DXP Platform."; VariantName = "[No Variations]"
Change component parameters (AddParameter): Name = "PackageDescription"; Value = "Diode, Axial; Body 3.8 x 1.9 mm (LxDia. max), Lead Dia. 0.53 mm (max)"; VariantName = "[No Variations]"
Change component parameters (AddParameter): Name = "PackageReference"; Value = "DO-35"; VariantName = "[No Variations]"
Change component parameters (AddParameter): Name = "Published"; Value = "8-Jun-2000"; VariantName = "[No Variations]"
Change component parameters (AddParameter): Name = "Publisher"; Value = "Altium Limited"; VariantName = "[No Variations]"
Added Pin To Net: NetName=VCC Pin=R2-2
Added Room: Name=Sheet1
